[debug] [2023-08-06T18:41:11.580Z] ----------------------------------------------------------------------
[debug] [2023-08-06T18:41:11.582Z] Command:       C:\Program Files\nodejs\node.exe C:\Users\anuja\AppData\Roaming\npm\node_modules\firebase-tools\lib\bin\firebase.js init
[debug] [2023-08-06T18:41:11.583Z] CLI Version:   12.4.7
[debug] [2023-08-06T18:41:11.583Z] Platform:      win32
[debug] [2023-08-06T18:41:11.583Z] Node Version:  v16.17.1
[debug] [2023-08-06T18:41:11.584Z] Time:          Sun Aug 06 2023 19:41:11 GMT+0100 (British Summer Time)
[debug] [2023-08-06T18:41:11.584Z] ----------------------------------------------------------------------
[debug] 
[debug] [2023-08-06T18:41:11.644Z] > command requires scopes: ["email","openid","https://www.googleapis.com/auth/cloudplatformprojects.readonly","https://www.googleapis.com/auth/firebase","https://www.googleapis.com/auth/cloud-platform"]
[debug] [2023-08-06T18:41:11.645Z] > authorizing via signed-in user (anujasuresh1994@gmail.com)
[info] 
     ######## #### ########  ######## ########     ###     ######  ########
     ##        ##  ##     ## ##       ##     ##  ##   ##  ##       ##
     ######    ##  ########  ######   ########  #########  ######  ######
     ##        ##  ##    ##  ##       ##     ## ##     ##       ## ##
     ##       #### ##     ## ######## ########  ##     ##  ######  ########

You're about to initialize a Firebase project in this directory:

  C:\Users\anuja\Vitafithub\Vitafithub

Before we get started, keep in mind:

  * You are initializing within an existing Firebase project directory

[info] 
=== Project Setup
[info] 
[info] First, let's associate this project directory with a Firebase project.
[info] You can create multiple project aliases by running firebase use --add, 
[info] but for now we'll just set up a default project.
[info] 
[debug] [2023-08-06T18:41:25.844Z] Using project from CLI flag: vitafithub-df6eb
[debug] [2023-08-06T18:41:25.847Z] >>> [apiv2][query] GET https://firebase.googleapis.com/v1beta1/projects/vitafithub-df6eb [none]
[debug] [2023-08-06T18:41:26.139Z] <<< [apiv2][status] GET https://firebase.googleapis.com/v1beta1/projects/vitafithub-df6eb 200
[debug] [2023-08-06T18:41:26.139Z] <<< [apiv2][body] GET https://firebase.googleapis.com/v1beta1/projects/vitafithub-df6eb {"projectId":"vitafithub-df6eb","projectNumber":"60729816769","displayName":"vitafithub","name":"projects/vitafithub-df6eb","resources":{"hostingSite":"vitafithub-df6eb","realtimeDatabaseInstance":"vitafithub-df6eb-default-rtdb","storageBucket":"vitafithub-df6eb.appspot.com","locationId":"europe-west"},"state":"ACTIVE","etag":"1_718a0e33-0cc4-4b57-99f0-a879487ac464"}
[info] i  Using project vitafithub-df6eb (vitafithub) 
[info] 
=== Hosting Setup
[info] 
[info] Your public directory is the folder (relative to your project directory) that
[info] will contain Hosting assets to be uploaded with firebase deploy. If you
[info] have a build process for your assets, use your build's output directory.
[info] 
[info] +  Wrote public/404.html 
[debug] [2023-08-06T18:42:14.116Z] >>> [apiv2][query] GET https://www.gstatic.com/firebasejs/releases.json [none]
[debug] [2023-08-06T18:42:14.361Z] <<< [apiv2][status] GET https://www.gstatic.com/firebasejs/releases.json 200
[debug] [2023-08-06T18:42:14.362Z] <<< [apiv2][body] GET https://www.gstatic.com/firebasejs/releases.json {"current":{"version":"10.1.0","browserURL":"https://www.gstatic.com/firebasejs/10.1.0/firebase.js","packageURL":"https://www.gstatic.com/firebasejs/10.1.0/firebase.tgz"},"live":{"version":"10.1","browserURL":"https://www.gstatic.com/firebasejs/live/10.1/firebase.js","packageURL":"https://www.gstatic.com/firebasejs/live/10.1/firebase.tgz"},"components":{"analytics":"https://www.gstatic.com/firebasejs/10.1.0/firebase-analytics.js","app":"https://www.gstatic.com/firebasejs/10.1.0/firebase-app.js","app-check":"https://www.gstatic.com/firebasejs/10.1.0/firebase-app-check.js","auth":"https://www.gstatic.com/firebasejs/10.1.0/firebase-auth.js","auth/cordova":"https://www.gstatic.com/firebasejs/10.1.0/firebase-auth/cordova.js","functions":"https://www.gstatic.com/firebasejs/10.1.0/firebase-functions.js","firestore":"https://www.gstatic.com/firebasejs/10.1.0/firebase-firestore.js","firestore/lite":"https://www.gstatic.com/firebasejs/10.1.0/firebase-firestore/lite.js","installations":"https://www.gstatic.com/firebasejs/10.1.0/firebase-installations.js","storage":"https://www.gstatic.com/firebasejs/10.1.0/firebase-storage.js","performance":"https://www.gstatic.com/firebasejs/10.1.0/firebase-performance.js","remote-config":"https://www.gstatic.com/firebasejs/10.1.0/firebase-remote-config.js","messaging":"https://www.gstatic.com/firebasejs/10.1.0/firebase-messaging.js","messaging/sw":"https://www.gstatic.com/firebasejs/10.1.0/firebase-messaging/sw.js","database":"https://www.gstatic.com/firebasejs/10.1.0/firebase-database.js","firestore.memory":"https://www.gstatic.com/firebasejs/10.1.0/firebase-firestore.memory.js"}}
[info] i  Skipping write of public/index.html 
[info] 
[info] i  Detected a .git folder at C:\Users\anuja\Vitafithub 
[info] i  Authorizing with GitHub to upload your service account to a GitHub repository's secrets store. 
[info] 
[info] Visit this URL on this device to log in:
[info] https://github.com/login/oauth/authorize?client_id=89cf50f02ac6aaed3484&state=281560897&redirect_uri=http%3A%2F%2Flocalhost%3A9005&scope=read%3Auser%20repo%20public_repo
[info] 
[info] Waiting for authentication...
[debug] [2023-08-06T18:42:36.400Z] >>> [apiv2][query] POST https://github.com/login/oauth/access_token [none]
[debug] [2023-08-06T18:42:36.400Z] >>> [apiv2][body] POST https://github.com/login/oauth/access_token [stream]
[debug] [2023-08-06T18:42:36.675Z] <<< [apiv2][status] POST https://github.com/login/oauth/access_token 200
[debug] [2023-08-06T18:42:36.675Z] <<< [apiv2][body] POST https://github.com/login/oauth/access_token {"access_token":"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","token_type":"bearer","scope":"read:user,repo"}
[debug] [2023-08-06T18:42:36.677Z] >>> [apiv2][query] GET https://api.github.com/user [none]
[debug] [2023-08-06T18:42:37.012Z] <<< [apiv2][status] GET https://api.github.com/user 200
[debug] [2023-08-06T18:42:37.012Z] <<< [apiv2][body] GET https://api.github.com/user {"login":"anuja1694","id":83329624,"node_id":"MDQ6VXNlcjgzMzI5NjI0","avatar_url":"https://avatars.githubusercontent.com/u/83329624?v=4","gravatar_id":"","url":"https://api.github.com/users/anuja1694","html_url":"https://github.com/anuja1694","followers_url":"https://api.github.com/users/anuja1694/followers","following_url":"https://api.github.com/users/anuja1694/following{/other_user}","gists_url":"https://api.github.com/users/anuja1694/gists{/gist_id}","starred_url":"https://api.github.com/users/anuja1694/starred{/owner}{/repo}","subscriptions_url":"https://api.github.com/users/anuja1694/subscriptions","organizations_url":"https://api.github.com/users/anuja1694/orgs","repos_url":"https://api.github.com/users/anuja1694/repos","events_url":"https://api.github.com/users/anuja1694/events{/privacy}","received_events_url":"https://api.github.com/users/anuja1694/received_events","type":"User","site_admin":false,"name":"Anuja","company":null,"blog":"","location":null,"email":null,"hireable":null,"bio":null,"twitter_username":null,"public_repos":5,"public_gists":0,"followers":0,"following":0,"created_at":"2021-04-28T05:11:59Z","updated_at":"2023-06-28T18:24:36Z","private_gists":0,"total_private_repos":0,"owned_private_repos":0,"disk_usage":5805,"collaborators":0,"two_factor_authentication":false,"plan":{"name":"free","space":976562499,"collaborators":0,"private_repos":10000}}
[info] 
[info] +  Success! Logged into GitHub as anuja1694 
[info] 
